<?xml version="1.0" encoding="UTF-8"?>
<!-- Generated by org.testng.reporters.JUnitXMLReporter -->
<testsuite ignored="0" hostname="MyPC" failures="1" tests="1" name="12" time="99.394" errors="0" timestamp="2024-09-02T20:07:10 IST">
  <testcase classname="com.cb.tests.AddingpropertyTest" name="addingApropertyAsAHost" time="69.397">
    <failure type="org.openqa.selenium.TimeoutException" message="Expected condition failed: waiting for visibility of element located by By.xpath: (//android.widget.EditText)[3] (tried for 30 second(s) with 500 milliseconds interval)
Build info: version: &amp;apos;4.18.1&amp;apos;, revision: &amp;apos;b1d3319b48&amp;apos;
System info: os.name: &amp;apos;Windows 11&amp;apos;, os.arch: &amp;apos;amd64&amp;apos;, os.version: &amp;apos;10.0&amp;apos;, java.version: &amp;apos;21.0.3&amp;apos;
Driver info: io.appium.java_client.android.AndroidDriver
Capabilities {appium:app: C:\Users\srini\OneDrive\Des..., appium:appActivity: com.clickbooking.online.Mai..., appium:appPackage: com.clickbooking.online, appium:automationName: uiAutomator2, appium:databaseEnabled: false, appium:desired: {app: C:\Users\srini\OneDrive\Des..., appActivity: com.clickbooking.online.Mai..., appPackage: com.clickbooking.online, automationName: uiAutomator2, deviceName: sdk_gphone64_x86_64, noReset: false, platformName: ANDROID, platformVersion: 14, udid: emulator-5554}, appium:deviceApiLevel: 34, appium:deviceManufacturer: Google, appium:deviceModel: sdk_gphone64_x86_64, appium:deviceName: emulator-5554, appium:deviceScreenDensity: 480, appium:deviceScreenSize: 1344x2992, appium:deviceUDID: emulator-5554, appium:javascriptEnabled: true, appium:locationContextEnabled: false, appium:networkConnectionEnabled: true, appium:noReset: false, appium:pixelRatio: 3, appium:platformVersion: 14, appium:statBarHeight: 72, appium:takesScreenshot: true, appium:udid: emulator-5554, appium:viewportRect: {height: 2848, left: 0, top: 72, width: 1344}, appium:warnings: {}, appium:webStorageEnabled: false, platformName: ANDROID}
Session ID: f2ca0a86-30f9-4811-8cc5-8362fdda047b">
      <![CDATA[org.openqa.selenium.TimeoutException: Expected condition failed: waiting for visibility of element located by By.xpath: (//android.widget.EditText)[3] (tried for 30 second(s) with 500 milliseconds interval)
Build info: version: '4.18.1', revision: 'b1d3319b48'
System info: os.name: 'Windows 11', os.arch: 'amd64', os.version: '10.0', java.version: '21.0.3'
Driver info: io.appium.java_client.android.AndroidDriver
Capabilities {appium:app: C:\Users\srini\OneDrive\Des..., appium:appActivity: com.clickbooking.online.Mai..., appium:appPackage: com.clickbooking.online, appium:automationName: uiAutomator2, appium:databaseEnabled: false, appium:desired: {app: C:\Users\srini\OneDrive\Des..., appActivity: com.clickbooking.online.Mai..., appPackage: com.clickbooking.online, automationName: uiAutomator2, deviceName: sdk_gphone64_x86_64, noReset: false, platformName: ANDROID, platformVersion: 14, udid: emulator-5554}, appium:deviceApiLevel: 34, appium:deviceManufacturer: Google, appium:deviceModel: sdk_gphone64_x86_64, appium:deviceName: emulator-5554, appium:deviceScreenDensity: 480, appium:deviceScreenSize: 1344x2992, appium:deviceUDID: emulator-5554, appium:javascriptEnabled: true, appium:locationContextEnabled: false, appium:networkConnectionEnabled: true, appium:noReset: false, appium:pixelRatio: 3, appium:platformVersion: 14, appium:statBarHeight: 72, appium:takesScreenshot: true, appium:udid: emulator-5554, appium:viewportRect: {height: 2848, left: 0, top: 72, width: 1344}, appium:warnings: {}, appium:webStorageEnabled: false, platformName: ANDROID}
Session ID: f2ca0a86-30f9-4811-8cc5-8362fdda047b
at org.openqa.selenium.support.ui.WebDriverWait.timeoutException(WebDriverWait.java:84)
at org.openqa.selenium.support.ui.FluentWait.until(FluentWait.java:228)
at com.cb.pages.AddingpropertyPage.enterStreet(AddingpropertyPage.java:93)
at com.cb.tests.AddingpropertyTest.addingApropertyAsAHost(AddingpropertyTest.java:24)
at java.base/java.util.ArrayList.forEach(ArrayList.java:1596)
... Removed 25 stack frames]]>
    </failure>
  </testcase> <!-- addingApropertyAsAHost -->
</testsuite> <!-- 12 -->
