<?xml version="1.0" encoding="UTF-8"?>
<testng-results ignored="0" total="1" passed="1" failed="0" skipped="0">
  <reporter-output>
  </reporter-output>
  <suite started-at="2024-11-29T14:56:07 IST" name="Default suite" finished-at="2024-11-29T15:00:10 IST" duration-ms="242940">
    <groups>
    </groups>
    <test started-at="2024-11-29T14:56:07 IST" name="Default test" finished-at="2024-11-29T15:00:10 IST" duration-ms="242940">
      <class name="com.cb.tests.AddingpropertyTest">
        <test-method is-config="true" signature="initExtent()[pri:0, instance:com.cb.tests.AddingpropertyTest@67c27493]" started-at="2024-11-29T14:56:06 IST" name="initExtent" finished-at="2024-11-29T14:56:07 IST" duration-ms="339" status="PASS">
          <reporter-output>
          </reporter-output>
        </test-method> <!-- initExtent -->
        <test-method is-config="true" signature="openApp()[pri:0, instance:com.cb.tests.AddingpropertyTest@67c27493]" started-at="2024-11-29T14:56:07 IST" name="openApp" finished-at="2024-11-29T14:56:26 IST" duration-ms="19293" status="PASS">
          <reporter-output>
          </reporter-output>
        </test-method> <!-- openApp -->
        <test-method signature="addingApropertyAsAHost()[pri:0, instance:com.cb.tests.AddingpropertyTest@67c27493]" started-at="2024-11-29T14:56:26 IST" name="addingApropertyAsAHost" finished-at="2024-11-29T15:00:03 IST" duration-ms="217433" status="PASS">
          <reporter-output>
          </reporter-output>
        </test-method> <!-- addingApropertyAsAHost -->
        <test-method is-config="true" signature="quitTheApp()[pri:0, instance:com.cb.tests.AddingpropertyTest@67c27493]" started-at="2024-11-29T15:00:03 IST" name="quitTheApp" finished-at="2024-11-29T15:00:10 IST" duration-ms="6170" status="PASS">
          <reporter-output>
          </reporter-output>
        </test-method> <!-- quitTheApp -->
      </class> <!-- com.cb.tests.AddingpropertyTest -->
    </test> <!-- Default test -->
  </suite> <!-- Default suite -->
</testng-results>
