<?xml version="1.0" encoding="UTF-8"?>
<testng-results ignored="0" total="1" passed="1" failed="0" skipped="0">
  <reporter-output>
  </reporter-output>
  <suite started-at="2024-12-12T15:30:38 IST" name="Default suite" finished-at="2024-12-12T15:33:46 IST" duration-ms="187750">
    <groups>
    </groups>
    <test started-at="2024-12-12T15:30:38 IST" name="Default test" finished-at="2024-12-12T15:33:46 IST" duration-ms="187750">
      <class name="com.cb.tests.HotelsTest">
        <test-method is-config="true" signature="initExtent()[pri:0, instance:com.cb.tests.HotelsTest@67c27493]" started-at="2024-12-12T15:30:38 IST" name="initExtent" finished-at="2024-12-12T15:30:38 IST" duration-ms="410" status="PASS">
          <reporter-output>
          </reporter-output>
        </test-method> <!-- initExtent -->
        <test-method is-config="true" signature="openApp()[pri:0, instance:com.cb.tests.HotelsTest@67c27493]" started-at="2024-12-12T15:30:38 IST" name="openApp" finished-at="2024-12-12T15:31:00 IST" duration-ms="21846" status="PASS">
          <reporter-output>
          </reporter-output>
        </test-method> <!-- openApp -->
        <test-method signature="checkTheHotelDetails()[pri:0, instance:com.cb.tests.HotelsTest@67c27493]" started-at="2024-12-12T15:31:00 IST" name="checkTheHotelDetails" finished-at="2024-12-12T15:33:40 IST" duration-ms="159557" status="PASS">
          <reporter-output>
          </reporter-output>
        </test-method> <!-- checkTheHotelDetails -->
        <test-method is-config="true" signature="quitTheApp()[pri:0, instance:com.cb.tests.HotelsTest@67c27493]" started-at="2024-12-12T15:33:40 IST" name="quitTheApp" finished-at="2024-12-12T15:33:46 IST" duration-ms="6315" status="PASS">
          <reporter-output>
          </reporter-output>
        </test-method> <!-- quitTheApp -->
      </class> <!-- com.cb.tests.HotelsTest -->
    </test> <!-- Default test -->
  </suite> <!-- Default suite -->
</testng-results>
